01-Apr-2025 01:06:00.087 INFO [main] org.apache.catalina.startup.VersionLoggerListener.log Server version name:   Apache Tomcat/10.1.36
01-Apr-2025 01:06:00.091 INFO [main] org.apache.catalina.startup.VersionLoggerListener.log Server built:          Feb 13 2025 13:13:30 UTC
01-Apr-2025 01:06:00.093 INFO [main] org.apache.catalina.startup.VersionLoggerListener.log Server version number: 10.1.36.0
01-Apr-2025 01:06:00.093 INFO [main] org.apache.catalina.startup.VersionLoggerListener.log OS Name:               Mac OS X
01-Apr-2025 01:06:00.093 INFO [main] org.apache.catalina.startup.VersionLoggerListener.log OS Version:            15.3.2
01-Apr-2025 01:06:00.093 INFO [main] org.apache.catalina.startup.VersionLoggerListener.log Architecture:          aarch64
01-Apr-2025 01:06:00.095 INFO [main] org.apache.catalina.startup.VersionLoggerListener.log Java Home:             /Library/Java/JavaVirtualMachines/jdk-21.jdk/Contents/Home
01-Apr-2025 01:06:00.095 INFO [main] org.apache.catalina.startup.VersionLoggerListener.log JVM Version:           21.0.5+9-LTS-239
01-Apr-2025 01:06:00.096 INFO [main] org.apache.catalina.startup.VersionLoggerListener.log JVM Vendor:            Oracle Corporation
01-Apr-2025 01:06:00.096 INFO [main] org.apache.catalina.startup.VersionLoggerListener.log CATALINA_BASE:         /Users/yunseo/Documents/ISD/IoTBay/iotBay/src/main
01-Apr-2025 01:06:00.096 INFO [main] org.apache.catalina.startup.VersionLoggerListener.log CATALINA_HOME:         /Users/yunseo/Downloads/apache-tomcat-10.1.36
01-Apr-2025 01:06:00.104 INFO [main] org.apache.catalina.startup.VersionLoggerListener.log Command line argument: --add-opens=java.base/java.lang=ALL-UNNAMED
01-Apr-2025 01:06:00.104 INFO [main] org.apache.catalina.startup.VersionLoggerListener.log Command line argument: --add-opens=java.base/java.io=ALL-UNNAMED
01-Apr-2025 01:06:00.104 INFO [main] org.apache.catalina.startup.VersionLoggerListener.log Command line argument: --add-opens=java.base/java.util=ALL-UNNAMED
01-Apr-2025 01:06:00.104 INFO [main] org.apache.catalina.startup.VersionLoggerListener.log Command line argument: --add-opens=java.base/java.util.concurrent=ALL-UNNAMED
01-Apr-2025 01:06:00.104 INFO [main] org.apache.catalina.startup.VersionLoggerListener.log Command line argument: --add-opens=java.rmi/sun.rmi.transport=ALL-UNNAMED
01-Apr-2025 01:06:00.104 INFO [main] org.apache.catalina.startup.VersionLoggerListener.log Command line argument: -Dcatalina.home=/Users/yunseo/Downloads/apache-tomcat-10.1.36
01-Apr-2025 01:06:00.104 INFO [main] org.apache.catalina.startup.VersionLoggerListener.log Command line argument: -Dcatalina.base=/Users/yunseo/Documents/ISD/IoTBay/iotBay/src/main
01-Apr-2025 01:06:00.104 INFO [main] org.apache.catalina.startup.VersionLoggerListener.log Command line argument: -Djava.io.tmpdir=/Users/yunseo/Documents/ISD/IoTBay/iotBay/src/main/temp
01-Apr-2025 01:06:00.104 INFO [main] org.apache.catalina.startup.VersionLoggerListener.log Command line argument: -Djava.util.logging.config.file=/Users/yunseo/Documents/ISD/IoTBay/iotBay/src/main/conf/logging.properties
01-Apr-2025 01:06:00.104 INFO [main] org.apache.catalina.startup.VersionLoggerListener.log Command line argument: -Djava.util.logging.manager=org.apache.juli.ClassLoaderLogManager
01-Apr-2025 01:06:00.104 INFO [main] org.apache.catalina.startup.VersionLoggerListener.log Command line argument: -javaagent:/Applications/IntelliJ IDEA.app/Contents/lib/idea_rt.jar=51655
01-Apr-2025 01:06:00.104 INFO [main] org.apache.catalina.startup.VersionLoggerListener.log Command line argument: -Dfile.encoding=UTF-8
01-Apr-2025 01:06:00.104 INFO [main] org.apache.catalina.startup.VersionLoggerListener.log Command line argument: -Dsun.stdout.encoding=UTF-8
01-Apr-2025 01:06:00.104 INFO [main] org.apache.catalina.startup.VersionLoggerListener.log Command line argument: -Dsun.stderr.encoding=UTF-8
01-Apr-2025 01:06:00.118 INFO [main] org.apache.catalina.core.AprLifecycleListener.lifecycleEvent The Apache Tomcat Native library which allows using OpenSSL was not found on the java.library.path: [/Users/yunseo/Library/Java/Extensions:/Library/Java/Extensions:/Network/Library/Java/Extensions:/System/Library/Java/Extensions:/usr/lib/java:.]
01-Apr-2025 01:06:00.335 INFO [main] org.apache.coyote.AbstractProtocol.init Initializing ProtocolHandler ["http-nio-8080"]
01-Apr-2025 01:06:00.353 INFO [main] org.apache.catalina.startup.Catalina.load Server initialization in [433] milliseconds
01-Apr-2025 01:06:00.378 INFO [main] org.apache.catalina.core.StandardService.startInternal Starting service [Catalina]
01-Apr-2025 01:06:00.378 INFO [main] org.apache.catalina.core.StandardEngine.startInternal Starting Servlet engine: [Apache Tomcat/10.1.36]
01-Apr-2025 01:06:00.381 INFO [main] org.apache.catalina.startup.HostConfig.deployDescriptor Deploying deployment descriptor [/Users/yunseo/Documents/ISD/IoTBay/iotBay/src/main/conf/Catalina/localhost/iotBay.xml]
01-Apr-2025 01:06:00.577 INFO [main] org.apache.catalina.startup.HostConfig.deployDescriptor Deployment of deployment descriptor [/Users/yunseo/Documents/ISD/IoTBay/iotBay/src/main/conf/Catalina/localhost/iotBay.xml] has finished in [195] ms
01-Apr-2025 01:06:00.577 INFO [main] org.apache.catalina.startup.HostConfig.deployDescriptor Deploying deployment descriptor [/Users/yunseo/Documents/ISD/IoTBay/iotBay/src/main/conf/Catalina/localhost/Test_proj.xml]
01-Apr-2025 01:06:00.589 INFO [main] org.apache.catalina.startup.HostConfig.deployDescriptor Deployment of deployment descriptor [/Users/yunseo/Documents/ISD/IoTBay/iotBay/src/main/conf/Catalina/localhost/Test_proj.xml] has finished in [12] ms
01-Apr-2025 01:06:00.591 INFO [main] org.apache.coyote.AbstractProtocol.start Starting ProtocolHandler ["http-nio-8080"]
01-Apr-2025 01:06:00.598 INFO [main] org.apache.catalina.startup.Catalina.start Server startup in [243] milliseconds
01-Apr-2025 07:43:03.214 INFO [Thread-1] org.apache.coyote.AbstractProtocol.pause Pausing ProtocolHandler ["http-nio-8080"]
01-Apr-2025 07:43:03.251 INFO [Thread-1] org.apache.catalina.core.StandardService.stopInternal Stopping service [Catalina]
01-Apr-2025 07:43:03.413 INFO [Thread-1] org.apache.coyote.AbstractProtocol.stop Stopping ProtocolHandler ["http-nio-8080"]
01-Apr-2025 07:43:03.429 INFO [Thread-1] org.apache.coyote.AbstractProtocol.destroy Destroying ProtocolHandler ["http-nio-8080"]
01-Apr-2025 09:49:05.245 INFO [main] org.apache.catalina.startup.VersionLoggerListener.log Server version name:   Apache Tomcat/10.1.36
01-Apr-2025 09:49:05.247 INFO [main] org.apache.catalina.startup.VersionLoggerListener.log Server built:          Feb 13 2025 13:13:30 UTC
01-Apr-2025 09:49:05.247 INFO [main] org.apache.catalina.startup.VersionLoggerListener.log Server version number: 10.1.36.0
01-Apr-2025 09:49:05.247 INFO [main] org.apache.catalina.startup.VersionLoggerListener.log OS Name:               Mac OS X
01-Apr-2025 09:49:05.247 INFO [main] org.apache.catalina.startup.VersionLoggerListener.log OS Version:            15.3.2
01-Apr-2025 09:49:05.247 INFO [main] org.apache.catalina.startup.VersionLoggerListener.log Architecture:          aarch64
01-Apr-2025 09:49:05.247 INFO [main] org.apache.catalina.startup.VersionLoggerListener.log Java Home:             /Library/Java/JavaVirtualMachines/jdk-21.jdk/Contents/Home
01-Apr-2025 09:49:05.247 INFO [main] org.apache.catalina.startup.VersionLoggerListener.log JVM Version:           21.0.5+9-LTS-239
01-Apr-2025 09:49:05.247 INFO [main] org.apache.catalina.startup.VersionLoggerListener.log JVM Vendor:            Oracle Corporation
01-Apr-2025 09:49:05.247 INFO [main] org.apache.catalina.startup.VersionLoggerListener.log CATALINA_BASE:         /Users/yunseo/Documents/ISD/IoTBay/iotBay/src/main
01-Apr-2025 09:49:05.247 INFO [main] org.apache.catalina.startup.VersionLoggerListener.log CATALINA_HOME:         /Users/yunseo/Downloads/apache-tomcat-10.1.36
01-Apr-2025 09:49:05.251 INFO [main] org.apache.catalina.startup.VersionLoggerListener.log Command line argument: --add-opens=java.base/java.lang=ALL-UNNAMED
01-Apr-2025 09:49:05.251 INFO [main] org.apache.catalina.startup.VersionLoggerListener.log Command line argument: --add-opens=java.base/java.io=ALL-UNNAMED
01-Apr-2025 09:49:05.251 INFO [main] org.apache.catalina.startup.VersionLoggerListener.log Command line argument: --add-opens=java.base/java.util=ALL-UNNAMED
01-Apr-2025 09:49:05.251 INFO [main] org.apache.catalina.startup.VersionLoggerListener.log Command line argument: --add-opens=java.base/java.util.concurrent=ALL-UNNAMED
01-Apr-2025 09:49:05.251 INFO [main] org.apache.catalina.startup.VersionLoggerListener.log Command line argument: --add-opens=java.rmi/sun.rmi.transport=ALL-UNNAMED
01-Apr-2025 09:49:05.251 INFO [main] org.apache.catalina.startup.VersionLoggerListener.log Command line argument: -Dcatalina.home=/Users/yunseo/Downloads/apache-tomcat-10.1.36
01-Apr-2025 09:49:05.251 INFO [main] org.apache.catalina.startup.VersionLoggerListener.log Command line argument: -Dcatalina.base=/Users/yunseo/Documents/ISD/IoTBay/iotBay/src/main
01-Apr-2025 09:49:05.251 INFO [main] org.apache.catalina.startup.VersionLoggerListener.log Command line argument: -Djava.io.tmpdir=/Users/yunseo/Documents/ISD/IoTBay/iotBay/src/main/temp
01-Apr-2025 09:49:05.251 INFO [main] org.apache.catalina.startup.VersionLoggerListener.log Command line argument: -Djava.util.logging.config.file=/Users/yunseo/Documents/ISD/IoTBay/iotBay/src/main/conf/logging.properties
01-Apr-2025 09:49:05.251 INFO [main] org.apache.catalina.startup.VersionLoggerListener.log Command line argument: -Djava.util.logging.manager=org.apache.juli.ClassLoaderLogManager
01-Apr-2025 09:49:05.251 INFO [main] org.apache.catalina.startup.VersionLoggerListener.log Command line argument: -javaagent:/Applications/IntelliJ IDEA.app/Contents/lib/idea_rt.jar=62140
01-Apr-2025 09:49:05.251 INFO [main] org.apache.catalina.startup.VersionLoggerListener.log Command line argument: -Dfile.encoding=UTF-8
01-Apr-2025 09:49:05.251 INFO [main] org.apache.catalina.startup.VersionLoggerListener.log Command line argument: -Dsun.stdout.encoding=UTF-8
01-Apr-2025 09:49:05.251 INFO [main] org.apache.catalina.startup.VersionLoggerListener.log Command line argument: -Dsun.stderr.encoding=UTF-8
01-Apr-2025 09:49:05.259 INFO [main] org.apache.catalina.core.AprLifecycleListener.lifecycleEvent The Apache Tomcat Native library which allows using OpenSSL was not found on the java.library.path: [/Users/yunseo/Library/Java/Extensions:/Library/Java/Extensions:/Network/Library/Java/Extensions:/System/Library/Java/Extensions:/usr/lib/java:.]
01-Apr-2025 09:49:05.390 INFO [main] org.apache.coyote.AbstractProtocol.init Initializing ProtocolHandler ["http-nio-8080"]
01-Apr-2025 09:49:05.398 INFO [main] org.apache.catalina.startup.Catalina.load Server initialization in [236] milliseconds
01-Apr-2025 09:49:05.417 INFO [main] org.apache.catalina.core.StandardService.startInternal Starting service [Catalina]
01-Apr-2025 09:49:05.417 INFO [main] org.apache.catalina.core.StandardEngine.startInternal Starting Servlet engine: [Apache Tomcat/10.1.36]
01-Apr-2025 09:49:05.420 INFO [main] org.apache.catalina.startup.HostConfig.deployDescriptor Deploying deployment descriptor [/Users/yunseo/Documents/ISD/IoTBay/iotBay/src/main/conf/Catalina/localhost/iotBay.xml]
01-Apr-2025 09:49:05.585 INFO [main] org.apache.catalina.startup.HostConfig.deployDescriptor Deployment of deployment descriptor [/Users/yunseo/Documents/ISD/IoTBay/iotBay/src/main/conf/Catalina/localhost/iotBay.xml] has finished in [165] ms
01-Apr-2025 09:49:05.586 INFO [main] org.apache.catalina.startup.HostConfig.deployDescriptor Deploying deployment descriptor [/Users/yunseo/Documents/ISD/IoTBay/iotBay/src/main/conf/Catalina/localhost/Test_proj.xml]
01-Apr-2025 09:49:05.595 INFO [main] org.apache.catalina.startup.HostConfig.deployDescriptor Deployment of deployment descriptor [/Users/yunseo/Documents/ISD/IoTBay/iotBay/src/main/conf/Catalina/localhost/Test_proj.xml] has finished in [9] ms
01-Apr-2025 09:49:05.597 INFO [main] org.apache.coyote.AbstractProtocol.start Starting ProtocolHandler ["http-nio-8080"]
01-Apr-2025 09:49:05.605 INFO [main] org.apache.catalina.startup.Catalina.start Server startup in [206] milliseconds
01-Apr-2025 09:51:27.755 INFO [Thread-1] org.apache.coyote.AbstractProtocol.pause Pausing ProtocolHandler ["http-nio-8080"]
01-Apr-2025 09:51:27.762 INFO [Thread-1] org.apache.catalina.core.StandardService.stopInternal Stopping service [Catalina]
01-Apr-2025 09:51:27.782 INFO [Thread-1] org.apache.coyote.AbstractProtocol.stop Stopping ProtocolHandler ["http-nio-8080"]
01-Apr-2025 09:51:27.797 INFO [Thread-1] org.apache.coyote.AbstractProtocol.destroy Destroying ProtocolHandler ["http-nio-8080"]
01-Apr-2025 09:52:40.671 INFO [main] org.apache.catalina.startup.VersionLoggerListener.log Server version name:   Apache Tomcat/10.1.36
01-Apr-2025 09:52:40.672 INFO [main] org.apache.catalina.startup.VersionLoggerListener.log Server built:          Feb 13 2025 13:13:30 UTC
01-Apr-2025 09:52:40.673 INFO [main] org.apache.catalina.startup.VersionLoggerListener.log Server version number: 10.1.36.0
01-Apr-2025 09:52:40.673 INFO [main] org.apache.catalina.startup.VersionLoggerListener.log OS Name:               Mac OS X
01-Apr-2025 09:52:40.673 INFO [main] org.apache.catalina.startup.VersionLoggerListener.log OS Version:            15.3.2
01-Apr-2025 09:52:40.673 INFO [main] org.apache.catalina.startup.VersionLoggerListener.log Architecture:          aarch64
01-Apr-2025 09:52:40.673 INFO [main] org.apache.catalina.startup.VersionLoggerListener.log Java Home:             /Library/Java/JavaVirtualMachines/jdk-21.jdk/Contents/Home
01-Apr-2025 09:52:40.673 INFO [main] org.apache.catalina.startup.VersionLoggerListener.log JVM Version:           21.0.5+9-LTS-239
01-Apr-2025 09:52:40.673 INFO [main] org.apache.catalina.startup.VersionLoggerListener.log JVM Vendor:            Oracle Corporation
01-Apr-2025 09:52:40.673 INFO [main] org.apache.catalina.startup.VersionLoggerListener.log CATALINA_BASE:         /Users/yunseo/Documents/ISD/IoTBay/iotBay/src/main
01-Apr-2025 09:52:40.673 INFO [main] org.apache.catalina.startup.VersionLoggerListener.log CATALINA_HOME:         /Users/yunseo/Downloads/apache-tomcat-10.1.36
01-Apr-2025 09:52:40.680 INFO [main] org.apache.catalina.startup.VersionLoggerListener.log Command line argument: --add-opens=java.base/java.lang=ALL-UNNAMED
01-Apr-2025 09:52:40.680 INFO [main] org.apache.catalina.startup.VersionLoggerListener.log Command line argument: --add-opens=java.base/java.io=ALL-UNNAMED
01-Apr-2025 09:52:40.680 INFO [main] org.apache.catalina.startup.VersionLoggerListener.log Command line argument: --add-opens=java.base/java.util=ALL-UNNAMED
01-Apr-2025 09:52:40.680 INFO [main] org.apache.catalina.startup.VersionLoggerListener.log Command line argument: --add-opens=java.base/java.util.concurrent=ALL-UNNAMED
01-Apr-2025 09:52:40.680 INFO [main] org.apache.catalina.startup.VersionLoggerListener.log Command line argument: --add-opens=java.rmi/sun.rmi.transport=ALL-UNNAMED
01-Apr-2025 09:52:40.680 INFO [main] org.apache.catalina.startup.VersionLoggerListener.log Command line argument: -Dcatalina.home=/Users/yunseo/Downloads/apache-tomcat-10.1.36
01-Apr-2025 09:52:40.680 INFO [main] org.apache.catalina.startup.VersionLoggerListener.log Command line argument: -Dcatalina.base=/Users/yunseo/Documents/ISD/IoTBay/iotBay/src/main
01-Apr-2025 09:52:40.680 INFO [main] org.apache.catalina.startup.VersionLoggerListener.log Command line argument: -Djava.io.tmpdir=/Users/yunseo/Documents/ISD/IoTBay/iotBay/src/main/temp
01-Apr-2025 09:52:40.680 INFO [main] org.apache.catalina.startup.VersionLoggerListener.log Command line argument: -Djava.util.logging.config.file=/Users/yunseo/Documents/ISD/IoTBay/iotBay/src/main/conf/logging.properties
01-Apr-2025 09:52:40.680 INFO [main] org.apache.catalina.startup.VersionLoggerListener.log Command line argument: -Djava.util.logging.manager=org.apache.juli.ClassLoaderLogManager
01-Apr-2025 09:52:40.680 INFO [main] org.apache.catalina.startup.VersionLoggerListener.log Command line argument: -javaagent:/Applications/IntelliJ IDEA.app/Contents/lib/idea_rt.jar=62563
01-Apr-2025 09:52:40.680 INFO [main] org.apache.catalina.startup.VersionLoggerListener.log Command line argument: -Dfile.encoding=UTF-8
01-Apr-2025 09:52:40.680 INFO [main] org.apache.catalina.startup.VersionLoggerListener.log Command line argument: -Dsun.stdout.encoding=UTF-8
01-Apr-2025 09:52:40.680 INFO [main] org.apache.catalina.startup.VersionLoggerListener.log Command line argument: -Dsun.stderr.encoding=UTF-8
01-Apr-2025 09:52:40.685 INFO [main] org.apache.catalina.core.AprLifecycleListener.lifecycleEvent The Apache Tomcat Native library which allows using OpenSSL was not found on the java.library.path: [/Users/yunseo/Library/Java/Extensions:/Library/Java/Extensions:/Network/Library/Java/Extensions:/System/Library/Java/Extensions:/usr/lib/java:.]
01-Apr-2025 09:52:40.895 INFO [main] org.apache.coyote.AbstractProtocol.init Initializing ProtocolHandler ["http-nio-8080"]
01-Apr-2025 09:52:40.905 INFO [main] org.apache.catalina.startup.Catalina.load Server initialization in [341] milliseconds
01-Apr-2025 09:52:40.929 INFO [main] org.apache.catalina.core.StandardService.startInternal Starting service [Catalina]
01-Apr-2025 09:52:40.929 INFO [main] org.apache.catalina.core.StandardEngine.startInternal Starting Servlet engine: [Apache Tomcat/10.1.36]
01-Apr-2025 09:52:40.934 INFO [main] org.apache.catalina.startup.HostConfig.deployDescriptor Deploying deployment descriptor [/Users/yunseo/Documents/ISD/IoTBay/iotBay/src/main/conf/Catalina/localhost/iotBay.xml]
01-Apr-2025 09:52:41.092 INFO [main] org.apache.catalina.startup.HostConfig.deployDescriptor Deployment of deployment descriptor [/Users/yunseo/Documents/ISD/IoTBay/iotBay/src/main/conf/Catalina/localhost/iotBay.xml] has finished in [158] ms
01-Apr-2025 09:52:41.092 INFO [main] org.apache.catalina.startup.HostConfig.deployDescriptor Deploying deployment descriptor [/Users/yunseo/Documents/ISD/IoTBay/iotBay/src/main/conf/Catalina/localhost/Test_proj.xml]
01-Apr-2025 09:52:41.101 INFO [main] org.apache.catalina.startup.HostConfig.deployDescriptor Deployment of deployment descriptor [/Users/yunseo/Documents/ISD/IoTBay/iotBay/src/main/conf/Catalina/localhost/Test_proj.xml] has finished in [9] ms
01-Apr-2025 09:52:41.103 INFO [main] org.apache.coyote.AbstractProtocol.start Starting ProtocolHandler ["http-nio-8080"]
01-Apr-2025 09:52:41.110 INFO [main] org.apache.catalina.startup.Catalina.start Server startup in [204] milliseconds
01-Apr-2025 09:54:56.435 INFO [Thread-1] org.apache.coyote.AbstractProtocol.pause Pausing ProtocolHandler ["http-nio-8080"]
01-Apr-2025 09:54:56.444 INFO [Thread-1] org.apache.catalina.core.StandardService.stopInternal Stopping service [Catalina]
01-Apr-2025 09:54:56.477 INFO [Thread-1] org.apache.coyote.AbstractProtocol.stop Stopping ProtocolHandler ["http-nio-8080"]
01-Apr-2025 09:54:56.491 INFO [Thread-1] org.apache.coyote.AbstractProtocol.destroy Destroying ProtocolHandler ["http-nio-8080"]
01-Apr-2025 10:00:01.081 INFO [main] org.apache.catalina.startup.VersionLoggerListener.log Server version name:   Apache Tomcat/10.1.36
01-Apr-2025 10:00:01.082 INFO [main] org.apache.catalina.startup.VersionLoggerListener.log Server built:          Feb 13 2025 13:13:30 UTC
01-Apr-2025 10:00:01.082 INFO [main] org.apache.catalina.startup.VersionLoggerListener.log Server version number: 10.1.36.0
01-Apr-2025 10:00:01.082 INFO [main] org.apache.catalina.startup.VersionLoggerListener.log OS Name:               Mac OS X
01-Apr-2025 10:00:01.082 INFO [main] org.apache.catalina.startup.VersionLoggerListener.log OS Version:            15.3.2
01-Apr-2025 10:00:01.082 INFO [main] org.apache.catalina.startup.VersionLoggerListener.log Architecture:          aarch64
01-Apr-2025 10:00:01.082 INFO [main] org.apache.catalina.startup.VersionLoggerListener.log Java Home:             /Library/Java/JavaVirtualMachines/jdk-21.jdk/Contents/Home
01-Apr-2025 10:00:01.082 INFO [main] org.apache.catalina.startup.VersionLoggerListener.log JVM Version:           21.0.5+9-LTS-239
01-Apr-2025 10:00:01.082 INFO [main] org.apache.catalina.startup.VersionLoggerListener.log JVM Vendor:            Oracle Corporation
01-Apr-2025 10:00:01.083 INFO [main] org.apache.catalina.startup.VersionLoggerListener.log CATALINA_BASE:         /Users/yunseo/Documents/ISD/IoTBay/iotBay/src/main
01-Apr-2025 10:00:01.083 INFO [main] org.apache.catalina.startup.VersionLoggerListener.log CATALINA_HOME:         /Users/yunseo/Downloads/apache-tomcat-10.1.36
01-Apr-2025 10:00:01.088 INFO [main] org.apache.catalina.startup.VersionLoggerListener.log Command line argument: --add-opens=java.base/java.lang=ALL-UNNAMED
01-Apr-2025 10:00:01.088 INFO [main] org.apache.catalina.startup.VersionLoggerListener.log Command line argument: --add-opens=java.base/java.io=ALL-UNNAMED
01-Apr-2025 10:00:01.088 INFO [main] org.apache.catalina.startup.VersionLoggerListener.log Command line argument: --add-opens=java.base/java.util=ALL-UNNAMED
01-Apr-2025 10:00:01.088 INFO [main] org.apache.catalina.startup.VersionLoggerListener.log Command line argument: --add-opens=java.base/java.util.concurrent=ALL-UNNAMED
01-Apr-2025 10:00:01.088 INFO [main] org.apache.catalina.startup.VersionLoggerListener.log Command line argument: --add-opens=java.rmi/sun.rmi.transport=ALL-UNNAMED
01-Apr-2025 10:00:01.088 INFO [main] org.apache.catalina.startup.VersionLoggerListener.log Command line argument: -Dcatalina.home=/Users/yunseo/Downloads/apache-tomcat-10.1.36
01-Apr-2025 10:00:01.088 INFO [main] org.apache.catalina.startup.VersionLoggerListener.log Command line argument: -Dcatalina.base=/Users/yunseo/Documents/ISD/IoTBay/iotBay/src/main
01-Apr-2025 10:00:01.088 INFO [main] org.apache.catalina.startup.VersionLoggerListener.log Command line argument: -Djava.io.tmpdir=/Users/yunseo/Documents/ISD/IoTBay/iotBay/src/main/temp
01-Apr-2025 10:00:01.088 INFO [main] org.apache.catalina.startup.VersionLoggerListener.log Command line argument: -Djava.util.logging.config.file=/Users/yunseo/Documents/ISD/IoTBay/iotBay/src/main/conf/logging.properties
01-Apr-2025 10:00:01.088 INFO [main] org.apache.catalina.startup.VersionLoggerListener.log Command line argument: -Djava.util.logging.manager=org.apache.juli.ClassLoaderLogManager
01-Apr-2025 10:00:01.088 INFO [main] org.apache.catalina.startup.VersionLoggerListener.log Command line argument: -javaagent:/Applications/IntelliJ IDEA.app/Contents/lib/idea_rt.jar=62653
01-Apr-2025 10:00:01.088 INFO [main] org.apache.catalina.startup.VersionLoggerListener.log Command line argument: -Dfile.encoding=UTF-8
01-Apr-2025 10:00:01.088 INFO [main] org.apache.catalina.startup.VersionLoggerListener.log Command line argument: -Dsun.stdout.encoding=UTF-8
01-Apr-2025 10:00:01.088 INFO [main] org.apache.catalina.startup.VersionLoggerListener.log Command line argument: -Dsun.stderr.encoding=UTF-8
01-Apr-2025 10:00:01.093 INFO [main] org.apache.catalina.core.AprLifecycleListener.lifecycleEvent The Apache Tomcat Native library which allows using OpenSSL was not found on the java.library.path: [/Users/yunseo/Library/Java/Extensions:/Library/Java/Extensions:/Network/Library/Java/Extensions:/System/Library/Java/Extensions:/usr/lib/java:.]
01-Apr-2025 10:00:01.228 INFO [main] org.apache.coyote.AbstractProtocol.init Initializing ProtocolHandler ["http-nio-8080"]
01-Apr-2025 10:00:01.237 INFO [main] org.apache.catalina.startup.Catalina.load Server initialization in [292] milliseconds
01-Apr-2025 10:00:01.255 INFO [main] org.apache.catalina.core.StandardService.startInternal Starting service [Catalina]
01-Apr-2025 10:00:01.256 INFO [main] org.apache.catalina.core.StandardEngine.startInternal Starting Servlet engine: [Apache Tomcat/10.1.36]
01-Apr-2025 10:00:01.259 INFO [main] org.apache.catalina.startup.HostConfig.deployDescriptor Deploying deployment descriptor [/Users/yunseo/Documents/ISD/IoTBay/iotBay/src/main/conf/Catalina/localhost/iotBay.xml]
01-Apr-2025 10:00:01.399 INFO [main] org.apache.catalina.startup.HostConfig.deployDescriptor Deployment of deployment descriptor [/Users/yunseo/Documents/ISD/IoTBay/iotBay/src/main/conf/Catalina/localhost/iotBay.xml] has finished in [140] ms
01-Apr-2025 10:00:01.399 INFO [main] org.apache.catalina.startup.HostConfig.deployDescriptor Deploying deployment descriptor [/Users/yunseo/Documents/ISD/IoTBay/iotBay/src/main/conf/Catalina/localhost/Test_proj.xml]
01-Apr-2025 10:00:01.410 INFO [main] org.apache.catalina.startup.HostConfig.deployDescriptor Deployment of deployment descriptor [/Users/yunseo/Documents/ISD/IoTBay/iotBay/src/main/conf/Catalina/localhost/Test_proj.xml] has finished in [11] ms
01-Apr-2025 10:00:01.413 INFO [main] org.apache.coyote.AbstractProtocol.start Starting ProtocolHandler ["http-nio-8080"]
01-Apr-2025 10:00:01.421 INFO [main] org.apache.catalina.startup.Catalina.start Server startup in [182] milliseconds
