22-Mar-2025 23:06:44.656 INFO [main] org.apache.catalina.startup.VersionLoggerListener.log Server version name:   Apache Tomcat/10.1.36
22-Mar-2025 23:06:44.658 INFO [main] org.apache.catalina.startup.VersionLoggerListener.log Server built:          Feb 13 2025 13:13:30 UTC
22-Mar-2025 23:06:44.658 INFO [main] org.apache.catalina.startup.VersionLoggerListener.log Server version number: 10.1.36.0
22-Mar-2025 23:06:44.658 INFO [main] org.apache.catalina.startup.VersionLoggerListener.log OS Name:               Mac OS X
22-Mar-2025 23:06:44.658 INFO [main] org.apache.catalina.startup.VersionLoggerListener.log OS Version:            15.3.2
22-Mar-2025 23:06:44.658 INFO [main] org.apache.catalina.startup.VersionLoggerListener.log Architecture:          aarch64
22-Mar-2025 23:06:44.658 INFO [main] org.apache.catalina.startup.VersionLoggerListener.log Java Home:             /Library/Java/JavaVirtualMachines/jdk-21.jdk/Contents/Home
22-Mar-2025 23:06:44.658 INFO [main] org.apache.catalina.startup.VersionLoggerListener.log JVM Version:           21.0.5+9-LTS-239
22-Mar-2025 23:06:44.658 INFO [main] org.apache.catalina.startup.VersionLoggerListener.log JVM Vendor:            Oracle Corporation
22-Mar-2025 23:06:44.658 INFO [main] org.apache.catalina.startup.VersionLoggerListener.log CATALINA_BASE:         /Users/yunseo/Documents/ISD/IoTBay/iotBay/src/main
22-Mar-2025 23:06:44.658 INFO [main] org.apache.catalina.startup.VersionLoggerListener.log CATALINA_HOME:         /Users/yunseo/Downloads/apache-tomcat-10.1.36
22-Mar-2025 23:06:44.665 INFO [main] org.apache.catalina.startup.VersionLoggerListener.log Command line argument: --add-opens=java.base/java.lang=ALL-UNNAMED
22-Mar-2025 23:06:44.665 INFO [main] org.apache.catalina.startup.VersionLoggerListener.log Command line argument: --add-opens=java.base/java.io=ALL-UNNAMED
22-Mar-2025 23:06:44.665 INFO [main] org.apache.catalina.startup.VersionLoggerListener.log Command line argument: --add-opens=java.base/java.util=ALL-UNNAMED
22-Mar-2025 23:06:44.665 INFO [main] org.apache.catalina.startup.VersionLoggerListener.log Command line argument: --add-opens=java.base/java.util.concurrent=ALL-UNNAMED
22-Mar-2025 23:06:44.665 INFO [main] org.apache.catalina.startup.VersionLoggerListener.log Command line argument: --add-opens=java.rmi/sun.rmi.transport=ALL-UNNAMED
22-Mar-2025 23:06:44.665 INFO [main] org.apache.catalina.startup.VersionLoggerListener.log Command line argument: -Dcatalina.home=/Users/yunseo/Downloads/apache-tomcat-10.1.36
22-Mar-2025 23:06:44.665 INFO [main] org.apache.catalina.startup.VersionLoggerListener.log Command line argument: -Dcatalina.base=/Users/yunseo/Documents/ISD/IoTBay/iotBay/src/main
22-Mar-2025 23:06:44.665 INFO [main] org.apache.catalina.startup.VersionLoggerListener.log Command line argument: -Djava.io.tmpdir=/Users/yunseo/Documents/ISD/IoTBay/iotBay/src/main/temp
22-Mar-2025 23:06:44.665 INFO [main] org.apache.catalina.startup.VersionLoggerListener.log Command line argument: -Djava.util.logging.config.file=/Users/yunseo/Documents/ISD/IoTBay/iotBay/src/main/conf/logging.properties
22-Mar-2025 23:06:44.665 INFO [main] org.apache.catalina.startup.VersionLoggerListener.log Command line argument: -Djava.util.logging.manager=org.apache.juli.ClassLoaderLogManager
22-Mar-2025 23:06:44.665 INFO [main] org.apache.catalina.startup.VersionLoggerListener.log Command line argument: -javaagent:/Applications/IntelliJ IDEA.app/Contents/lib/idea_rt.jar=60912
22-Mar-2025 23:06:44.665 INFO [main] org.apache.catalina.startup.VersionLoggerListener.log Command line argument: -Dfile.encoding=UTF-8
22-Mar-2025 23:06:44.665 INFO [main] org.apache.catalina.startup.VersionLoggerListener.log Command line argument: -Dsun.stdout.encoding=UTF-8
22-Mar-2025 23:06:44.665 INFO [main] org.apache.catalina.startup.VersionLoggerListener.log Command line argument: -Dsun.stderr.encoding=UTF-8
22-Mar-2025 23:06:44.674 INFO [main] org.apache.catalina.core.AprLifecycleListener.lifecycleEvent The Apache Tomcat Native library which allows using OpenSSL was not found on the java.library.path: [/Users/yunseo/Library/Java/Extensions:/Library/Java/Extensions:/Network/Library/Java/Extensions:/System/Library/Java/Extensions:/usr/lib/java:.]
22-Mar-2025 23:06:44.805 INFO [main] org.apache.coyote.AbstractProtocol.init Initializing ProtocolHandler ["http-nio-8080"]
22-Mar-2025 23:06:44.812 INFO [main] org.apache.catalina.startup.Catalina.load Server initialization in [252] milliseconds
22-Mar-2025 23:06:44.826 INFO [main] org.apache.catalina.core.StandardService.startInternal Starting service [Catalina]
22-Mar-2025 23:06:44.826 INFO [main] org.apache.catalina.core.StandardEngine.startInternal Starting Servlet engine: [Apache Tomcat/10.1.36]
22-Mar-2025 23:06:44.829 INFO [main] org.apache.catalina.startup.HostConfig.deployDescriptor Deploying deployment descriptor [/Users/yunseo/Documents/ISD/IoTBay/iotBay/src/main/conf/Catalina/localhost/iotBay.xml]
22-Mar-2025 23:06:44.965 INFO [main] org.apache.catalina.startup.HostConfig.deployDescriptor Deployment of deployment descriptor [/Users/yunseo/Documents/ISD/IoTBay/iotBay/src/main/conf/Catalina/localhost/iotBay.xml] has finished in [136] ms
22-Mar-2025 23:06:44.965 INFO [main] org.apache.catalina.startup.HostConfig.deployDescriptor Deploying deployment descriptor [/Users/yunseo/Documents/ISD/IoTBay/iotBay/src/main/conf/Catalina/localhost/Test_proj.xml]
22-Mar-2025 23:06:44.979 INFO [main] org.apache.catalina.startup.HostConfig.deployDescriptor Deployment of deployment descriptor [/Users/yunseo/Documents/ISD/IoTBay/iotBay/src/main/conf/Catalina/localhost/Test_proj.xml] has finished in [13] ms
22-Mar-2025 23:06:44.982 INFO [main] org.apache.coyote.AbstractProtocol.start Starting ProtocolHandler ["http-nio-8080"]
22-Mar-2025 23:06:44.992 INFO [main] org.apache.catalina.startup.Catalina.start Server startup in [179] milliseconds
22-Mar-2025 23:13:20.434 INFO [Thread-1] org.apache.coyote.AbstractProtocol.pause Pausing ProtocolHandler ["http-nio-8080"]
22-Mar-2025 23:13:20.457 INFO [Thread-1] org.apache.catalina.core.StandardService.stopInternal Stopping service [Catalina]
22-Mar-2025 23:13:20.480 INFO [Thread-1] org.apache.coyote.AbstractProtocol.stop Stopping ProtocolHandler ["http-nio-8080"]
22-Mar-2025 23:13:20.493 INFO [Thread-1] org.apache.coyote.AbstractProtocol.destroy Destroying ProtocolHandler ["http-nio-8080"]
22-Mar-2025 23:13:23.156 INFO [main] org.apache.catalina.startup.VersionLoggerListener.log Server version name:   Apache Tomcat/10.1.36
22-Mar-2025 23:13:23.159 INFO [main] org.apache.catalina.startup.VersionLoggerListener.log Server built:          Feb 13 2025 13:13:30 UTC
22-Mar-2025 23:13:23.159 INFO [main] org.apache.catalina.startup.VersionLoggerListener.log Server version number: 10.1.36.0
22-Mar-2025 23:13:23.159 INFO [main] org.apache.catalina.startup.VersionLoggerListener.log OS Name:               Mac OS X
22-Mar-2025 23:13:23.159 INFO [main] org.apache.catalina.startup.VersionLoggerListener.log OS Version:            15.3.2
22-Mar-2025 23:13:23.159 INFO [main] org.apache.catalina.startup.VersionLoggerListener.log Architecture:          aarch64
22-Mar-2025 23:13:23.160 INFO [main] org.apache.catalina.startup.VersionLoggerListener.log Java Home:             /Library/Java/JavaVirtualMachines/jdk-21.jdk/Contents/Home
22-Mar-2025 23:13:23.160 INFO [main] org.apache.catalina.startup.VersionLoggerListener.log JVM Version:           21.0.5+9-LTS-239
22-Mar-2025 23:13:23.160 INFO [main] org.apache.catalina.startup.VersionLoggerListener.log JVM Vendor:            Oracle Corporation
22-Mar-2025 23:13:23.160 INFO [main] org.apache.catalina.startup.VersionLoggerListener.log CATALINA_BASE:         /Users/yunseo/Documents/ISD/IoTBay/iotBay/src/main
22-Mar-2025 23:13:23.160 INFO [main] org.apache.catalina.startup.VersionLoggerListener.log CATALINA_HOME:         /Users/yunseo/Downloads/apache-tomcat-10.1.36
22-Mar-2025 23:13:23.164 INFO [main] org.apache.catalina.startup.VersionLoggerListener.log Command line argument: --add-opens=java.base/java.lang=ALL-UNNAMED
22-Mar-2025 23:13:23.164 INFO [main] org.apache.catalina.startup.VersionLoggerListener.log Command line argument: --add-opens=java.base/java.io=ALL-UNNAMED
22-Mar-2025 23:13:23.164 INFO [main] org.apache.catalina.startup.VersionLoggerListener.log Command line argument: --add-opens=java.base/java.util=ALL-UNNAMED
22-Mar-2025 23:13:23.164 INFO [main] org.apache.catalina.startup.VersionLoggerListener.log Command line argument: --add-opens=java.base/java.util.concurrent=ALL-UNNAMED
22-Mar-2025 23:13:23.164 INFO [main] org.apache.catalina.startup.VersionLoggerListener.log Command line argument: --add-opens=java.rmi/sun.rmi.transport=ALL-UNNAMED
22-Mar-2025 23:13:23.164 INFO [main] org.apache.catalina.startup.VersionLoggerListener.log Command line argument: -Dcatalina.home=/Users/yunseo/Downloads/apache-tomcat-10.1.36
22-Mar-2025 23:13:23.164 INFO [main] org.apache.catalina.startup.VersionLoggerListener.log Command line argument: -Dcatalina.base=/Users/yunseo/Documents/ISD/IoTBay/iotBay/src/main
22-Mar-2025 23:13:23.164 INFO [main] org.apache.catalina.startup.VersionLoggerListener.log Command line argument: -Djava.io.tmpdir=/Users/yunseo/Documents/ISD/IoTBay/iotBay/src/main/temp
22-Mar-2025 23:13:23.164 INFO [main] org.apache.catalina.startup.VersionLoggerListener.log Command line argument: -Djava.util.logging.config.file=/Users/yunseo/Documents/ISD/IoTBay/iotBay/src/main/conf/logging.properties
22-Mar-2025 23:13:23.164 INFO [main] org.apache.catalina.startup.VersionLoggerListener.log Command line argument: -Djava.util.logging.manager=org.apache.juli.ClassLoaderLogManager
22-Mar-2025 23:13:23.165 INFO [main] org.apache.catalina.startup.VersionLoggerListener.log Command line argument: -javaagent:/Applications/IntelliJ IDEA.app/Contents/lib/idea_rt.jar=61069
22-Mar-2025 23:13:23.165 INFO [main] org.apache.catalina.startup.VersionLoggerListener.log Command line argument: -Dfile.encoding=UTF-8
22-Mar-2025 23:13:23.165 INFO [main] org.apache.catalina.startup.VersionLoggerListener.log Command line argument: -Dsun.stdout.encoding=UTF-8
22-Mar-2025 23:13:23.165 INFO [main] org.apache.catalina.startup.VersionLoggerListener.log Command line argument: -Dsun.stderr.encoding=UTF-8
22-Mar-2025 23:13:23.170 INFO [main] org.apache.catalina.core.AprLifecycleListener.lifecycleEvent The Apache Tomcat Native library which allows using OpenSSL was not found on the java.library.path: [/Users/yunseo/Library/Java/Extensions:/Library/Java/Extensions:/Network/Library/Java/Extensions:/System/Library/Java/Extensions:/usr/lib/java:.]
22-Mar-2025 23:13:23.318 INFO [main] org.apache.coyote.AbstractProtocol.init Initializing ProtocolHandler ["http-nio-8080"]
22-Mar-2025 23:13:23.327 INFO [main] org.apache.catalina.startup.Catalina.load Server initialization in [268] milliseconds
22-Mar-2025 23:13:23.347 INFO [main] org.apache.catalina.core.StandardService.startInternal Starting service [Catalina]
22-Mar-2025 23:13:23.347 INFO [main] org.apache.catalina.core.StandardEngine.startInternal Starting Servlet engine: [Apache Tomcat/10.1.36]
22-Mar-2025 23:13:23.350 INFO [main] org.apache.catalina.startup.HostConfig.deployDescriptor Deploying deployment descriptor [/Users/yunseo/Documents/ISD/IoTBay/iotBay/src/main/conf/Catalina/localhost/iotBay.xml]
22-Mar-2025 23:13:23.510 INFO [main] org.apache.catalina.startup.HostConfig.deployDescriptor Deployment of deployment descriptor [/Users/yunseo/Documents/ISD/IoTBay/iotBay/src/main/conf/Catalina/localhost/iotBay.xml] has finished in [159] ms
22-Mar-2025 23:13:23.510 INFO [main] org.apache.catalina.startup.HostConfig.deployDescriptor Deploying deployment descriptor [/Users/yunseo/Documents/ISD/IoTBay/iotBay/src/main/conf/Catalina/localhost/Test_proj.xml]
22-Mar-2025 23:13:23.519 INFO [main] org.apache.catalina.startup.HostConfig.deployDescriptor Deployment of deployment descriptor [/Users/yunseo/Documents/ISD/IoTBay/iotBay/src/main/conf/Catalina/localhost/Test_proj.xml] has finished in [8] ms
22-Mar-2025 23:13:23.520 INFO [main] org.apache.coyote.AbstractProtocol.start Starting ProtocolHandler ["http-nio-8080"]
22-Mar-2025 23:13:23.527 INFO [main] org.apache.catalina.startup.Catalina.start Server startup in [199] milliseconds
